2025-05-09 21:26:13,789 - INFO - main.py:9 - <module>() -  --- Pipeline Start ---
2025-05-09 21:32:08,458 - INFO - main.py:6 - <module>() -  --- Pipeline Start ---
2025-05-09 21:32:08,466 - INFO - load_data.py:6 - load_data() - Data loading finished !
2025-05-09 21:32:08,466 - INFO - preprocessing.py:93 - preprocess_main() -  Started preprocess_main 
2025-05-09 21:32:08,466 - INFO - preprocessing.py:13 - scale_down() -  Fixing distributions
2025-05-09 21:32:08,466 - INFO - preprocessing.py:19 - scale_down() -  Scaling values
2025-05-09 21:32:08,470 - INFO - preprocessing.py:27 - processing_null_data() -  Handling missing values 
2025-05-09 21:32:08,486 - INFO - preprocessing.py:64 - data_encoding() -  Performing Label encoding 
2025-05-09 21:32:08,498 - INFO - preprocessing.py:75 - data_encoding() -  Performing One Hot encoding 
2025-05-09 21:32:08,512 - INFO - preprocessing.py:101 - preprocess_main() -  End preprocess_main 
2025-05-09 21:32:08,512 - INFO - model_training.py:5 - model_training() -  Started model_training 
2025-05-09 21:32:08,547 - INFO - model_training.py:22 - model_training() -  Finished model_training 
2025-05-09 21:32:08,547 - INFO - model_training.py:27 - model_training() -  Model Saved as .sav file 
2025-05-09 21:32:08,547 - INFO - main.py:14 - <module>() -  --- Pipeline End ---
2025-05-09 21:37:13,765 - INFO - main.py:6 - <module>() -  --- Pipeline Start ---
2025-05-09 21:37:13,780 - INFO - load_data.py:15 - load_data() - Data loading finished !
2025-05-09 21:37:13,780 - INFO - preprocessing.py:143 - preprocess_main() -  Started preprocess_main 
2025-05-09 21:37:13,780 - INFO - preprocessing.py:36 - scale_down() -  Fixing distributions
2025-05-09 21:37:13,780 - INFO - preprocessing.py:42 - scale_down() -  Scaling values
2025-05-09 21:37:13,780 - INFO - preprocessing.py:65 - processing_null_data() -  Handling missing values 
2025-05-09 21:37:13,799 - INFO - preprocessing.py:114 - data_encoding() -  Performing Label encoding 
2025-05-09 21:37:13,805 - INFO - preprocessing.py:125 - data_encoding() -  Performing One Hot encoding 
2025-05-09 21:37:13,821 - INFO - preprocessing.py:151 - preprocess_main() -  End preprocess_main 
2025-05-09 21:37:13,821 - INFO - model_training.py:21 - model_training() -  Started model_training 
2025-05-09 21:37:13,841 - INFO - model_training.py:38 - model_training() -  Finished model_training 
2025-05-09 21:37:13,841 - INFO - model_training.py:43 - model_training() -  Model Saved as .sav file 
2025-05-09 21:37:13,841 - INFO - main.py:14 - <module>() -  --- Pipeline End ---
2025-05-09 21:47:59,410 - INFO - app.py:51 - <module>() - Prediction made: Approved with inputs: {'Gender': 1, 'Married': 1, 'Dependents': 3, 'Education': 1, 'Self_Employed': 1, 'ApplicantIncome': 0.6931471805599453, 'LoanAmount': 9.210440366976517, 'Credit_History': 1, 'Property_Area_Rural': 0, 'Property_Area_Semiurban': 0, 'Property_Area_Urban': 1, 'Loan_Amount_Term_Long': 0, 'Loan_Amount_Term_Medium': 1, 'Loan_Amount_Term_Short': 0}
2025-05-09 21:48:07,411 - INFO - app.py:51 - <module>() - Prediction made: Approved with inputs: {'Gender': 1, 'Married': 1, 'Dependents': 3, 'Education': 1, 'Self_Employed': 1, 'ApplicantIncome': 0.6931471805599453, 'LoanAmount': 9.210440366976517, 'Credit_History': 1, 'Property_Area_Rural': 1, 'Property_Area_Semiurban': 0, 'Property_Area_Urban': 0, 'Loan_Amount_Term_Long': 0, 'Loan_Amount_Term_Medium': 1, 'Loan_Amount_Term_Short': 0}
2025-05-09 21:48:15,006 - INFO - app.py:51 - <module>() - Prediction made: Rejected with inputs: {'Gender': 1, 'Married': 1, 'Dependents': 3, 'Education': 0, 'Self_Employed': 1, 'ApplicantIncome': 0.6931471805599453, 'LoanAmount': 9.210440366976517, 'Credit_History': 1, 'Property_Area_Rural': 1, 'Property_Area_Semiurban': 0, 'Property_Area_Urban': 0, 'Loan_Amount_Term_Long': 0, 'Loan_Amount_Term_Medium': 1, 'Loan_Amount_Term_Short': 0}
2025-05-09 21:48:50,603 - INFO - app.py:51 - <module>() - Prediction made: Approved with inputs: {'Gender': 1, 'Married': 1, 'Dependents': 3, 'Education': 0, 'Self_Employed': 1, 'ApplicantIncome': 10.795710976276323, 'LoanAmount': 9.210440366976517, 'Credit_History': 1, 'Property_Area_Rural': 1, 'Property_Area_Semiurban': 0, 'Property_Area_Urban': 0, 'Loan_Amount_Term_Long': 0, 'Loan_Amount_Term_Medium': 1, 'Loan_Amount_Term_Short': 0}
2025-05-09 21:49:02,483 - INFO - app.py:51 - <module>() - Prediction made: Rejected with inputs: {'Gender': 1, 'Married': 1, 'Dependents': 3, 'Education': 0, 'Self_Employed': 1, 'ApplicantIncome': 10.795710976276323, 'LoanAmount': 20.72326583794641, 'Credit_History': 1, 'Property_Area_Rural': 1, 'Property_Area_Semiurban': 0, 'Property_Area_Urban': 0, 'Loan_Amount_Term_Long': 0, 'Loan_Amount_Term_Medium': 1, 'Loan_Amount_Term_Short': 0}
2025-05-09 21:49:16,504 - INFO - app.py:51 - <module>() - Prediction made: Rejected with inputs: {'Gender': 0, 'Married': 1, 'Dependents': 3, 'Education': 0, 'Self_Employed': 1, 'ApplicantIncome': 10.795710976276323, 'LoanAmount': 20.72326583794641, 'Credit_History': 1, 'Property_Area_Rural': 1, 'Property_Area_Semiurban': 0, 'Property_Area_Urban': 0, 'Loan_Amount_Term_Long': 0, 'Loan_Amount_Term_Medium': 1, 'Loan_Amount_Term_Short': 0}
2025-05-09 21:49:25,988 - INFO - app.py:51 - <module>() - Prediction made: Rejected with inputs: {'Gender': 0, 'Married': 1, 'Dependents': 3, 'Education': 0, 'Self_Employed': 1, 'ApplicantIncome': 10.795710976276323, 'LoanAmount': 20.72326583794641, 'Credit_History': 1, 'Property_Area_Rural': 1, 'Property_Area_Semiurban': 0, 'Property_Area_Urban': 0, 'Loan_Amount_Term_Long': 0, 'Loan_Amount_Term_Medium': 1, 'Loan_Amount_Term_Short': 0}
2025-05-09 21:49:35,039 - INFO - app.py:51 - <module>() - Prediction made: Rejected with inputs: {'Gender': 0, 'Married': 1, 'Dependents': 3, 'Education': 0, 'Self_Employed': 1, 'ApplicantIncome': 10.795710976276323, 'LoanAmount': 11.512925464970229, 'Credit_History': 1, 'Property_Area_Rural': 1, 'Property_Area_Semiurban': 0, 'Property_Area_Urban': 0, 'Loan_Amount_Term_Long': 0, 'Loan_Amount_Term_Medium': 1, 'Loan_Amount_Term_Short': 0}
2025-05-09 21:49:42,174 - INFO - app.py:51 - <module>() - Prediction made: Rejected with inputs: {'Gender': 1, 'Married': 1, 'Dependents': 3, 'Education': 0, 'Self_Employed': 1, 'ApplicantIncome': 10.795710976276323, 'LoanAmount': 11.512925464970229, 'Credit_History': 1, 'Property_Area_Rural': 1, 'Property_Area_Semiurban': 0, 'Property_Area_Urban': 0, 'Loan_Amount_Term_Long': 0, 'Loan_Amount_Term_Medium': 1, 'Loan_Amount_Term_Short': 0}
2025-05-09 21:49:54,599 - INFO - app.py:51 - <module>() - Prediction made: Approved with inputs: {'Gender': 1, 'Married': 1, 'Dependents': 3, 'Education': 0, 'Self_Employed': 1, 'ApplicantIncome': 10.795710976276323, 'LoanAmount': 9.210440366976517, 'Credit_History': 1, 'Property_Area_Rural': 1, 'Property_Area_Semiurban': 0, 'Property_Area_Urban': 0, 'Loan_Amount_Term_Long': 0, 'Loan_Amount_Term_Medium': 1, 'Loan_Amount_Term_Short': 0}
2025-05-09 21:50:01,337 - INFO - app.py:51 - <module>() - Prediction made: Approved with inputs: {'Gender': 0, 'Married': 1, 'Dependents': 3, 'Education': 0, 'Self_Employed': 1, 'ApplicantIncome': 10.795710976276323, 'LoanAmount': 9.210440366976517, 'Credit_History': 1, 'Property_Area_Rural': 1, 'Property_Area_Semiurban': 0, 'Property_Area_Urban': 0, 'Loan_Amount_Term_Long': 0, 'Loan_Amount_Term_Medium': 1, 'Loan_Amount_Term_Short': 0}
2025-05-09 21:56:09,839 - INFO - app.py:56 - <module>() - Prediction made: [0] with inputs: {'Gender': 1, 'Married': 1, 'Dependents': 0, 'Education': 1, 'Self_Employed': 1, 'ApplicantIncome': 13.199326270390594, 'LoanAmount': 11.51293546492023, 'Credit_History': 1, 'Property_Area_Rural': 1, 'Property_Area_Semiurban': 0, 'Property_Area_Urban': 0, 'Loan_Amount_Term_Long': 0, 'Loan_Amount_Term_Medium': 0, 'Loan_Amount_Term_Short': 1}
2025-05-09 21:56:21,012 - INFO - app.py:56 - <module>() - Prediction made: [0] with inputs: {'Gender': 1, 'Married': 1, 'Dependents': 3, 'Education': 1, 'Self_Employed': 1, 'ApplicantIncome': 13.199326270390594, 'LoanAmount': 11.51293546492023, 'Credit_History': 1, 'Property_Area_Rural': 1, 'Property_Area_Semiurban': 0, 'Property_Area_Urban': 0, 'Loan_Amount_Term_Long': 0, 'Loan_Amount_Term_Medium': 0, 'Loan_Amount_Term_Short': 1}
2025-05-09 21:56:31,065 - INFO - app.py:56 - <module>() - Prediction made: [0] with inputs: {'Gender': 1, 'Married': 1, 'Dependents': 3, 'Education': 1, 'Self_Employed': 1, 'ApplicantIncome': 13.199326270390594, 'LoanAmount': 11.51293546492023, 'Credit_History': 1, 'Property_Area_Rural': 1, 'Property_Area_Semiurban': 0, 'Property_Area_Urban': 0, 'Loan_Amount_Term_Long': 0, 'Loan_Amount_Term_Medium': 0, 'Loan_Amount_Term_Short': 1}
2025-05-09 21:56:36,058 - INFO - app.py:56 - <module>() - Prediction made: [0] with inputs: {'Gender': 1, 'Married': 1, 'Dependents': 3, 'Education': 1, 'Self_Employed': 1, 'ApplicantIncome': 13.199326270390594, 'LoanAmount': 11.51293546492023, 'Credit_History': 1, 'Property_Area_Rural': 1, 'Property_Area_Semiurban': 0, 'Property_Area_Urban': 0, 'Loan_Amount_Term_Long': 1, 'Loan_Amount_Term_Medium': 0, 'Loan_Amount_Term_Short': 0}
2025-05-09 21:56:42,653 - INFO - app.py:56 - <module>() - Prediction made: [0] with inputs: {'Gender': 0, 'Married': 1, 'Dependents': 3, 'Education': 1, 'Self_Employed': 1, 'ApplicantIncome': 13.199326270390594, 'LoanAmount': 11.51293546492023, 'Credit_History': 1, 'Property_Area_Rural': 1, 'Property_Area_Semiurban': 0, 'Property_Area_Urban': 0, 'Loan_Amount_Term_Long': 1, 'Loan_Amount_Term_Medium': 0, 'Loan_Amount_Term_Short': 0}
2025-05-09 21:56:49,594 - INFO - app.py:56 - <module>() - Prediction made: [1] with inputs: {'Gender': 0, 'Married': 1, 'Dependents': 3, 'Education': 1, 'Self_Employed': 1, 'ApplicantIncome': 13.199326270390594, 'LoanAmount': 11.51293546492023, 'Credit_History': 1, 'Property_Area_Rural': 0, 'Property_Area_Semiurban': 0, 'Property_Area_Urban': 1, 'Loan_Amount_Term_Long': 1, 'Loan_Amount_Term_Medium': 0, 'Loan_Amount_Term_Short': 0}
2025-05-09 21:56:56,798 - INFO - app.py:56 - <module>() - Prediction made: [0] with inputs: {'Gender': 1, 'Married': 1, 'Dependents': 3, 'Education': 1, 'Self_Employed': 1, 'ApplicantIncome': 13.199326270390594, 'LoanAmount': 11.51293546492023, 'Credit_History': 1, 'Property_Area_Rural': 0, 'Property_Area_Semiurban': 0, 'Property_Area_Urban': 1, 'Loan_Amount_Term_Long': 1, 'Loan_Amount_Term_Medium': 0, 'Loan_Amount_Term_Short': 0}
2025-05-09 21:57:05,319 - INFO - app.py:56 - <module>() - Prediction made: [0] with inputs: {'Gender': 1, 'Married': 1, 'Dependents': 3, 'Education': 1, 'Self_Employed': 1, 'ApplicantIncome': 13.199326270390594, 'LoanAmount': 11.51293546492023, 'Credit_History': 1, 'Property_Area_Rural': 0, 'Property_Area_Semiurban': 0, 'Property_Area_Urban': 1, 'Loan_Amount_Term_Long': 1, 'Loan_Amount_Term_Medium': 0, 'Loan_Amount_Term_Short': 0}
2025-05-09 21:57:06,707 - INFO - app.py:56 - <module>() - Prediction made: [0] with inputs: {'Gender': 1, 'Married': 1, 'Dependents': 3, 'Education': 1, 'Self_Employed': 1, 'ApplicantIncome': 13.199326270390594, 'LoanAmount': 11.51293546492023, 'Credit_History': 1, 'Property_Area_Rural': 0, 'Property_Area_Semiurban': 0, 'Property_Area_Urban': 1, 'Loan_Amount_Term_Long': 1, 'Loan_Amount_Term_Medium': 0, 'Loan_Amount_Term_Short': 0}
2025-05-09 21:57:12,250 - INFO - app.py:56 - <module>() - Prediction made: [1] with inputs: {'Gender': 0, 'Married': 1, 'Dependents': 3, 'Education': 1, 'Self_Employed': 1, 'ApplicantIncome': 13.199326270390594, 'LoanAmount': 11.51293546492023, 'Credit_History': 1, 'Property_Area_Rural': 0, 'Property_Area_Semiurban': 0, 'Property_Area_Urban': 1, 'Loan_Amount_Term_Long': 1, 'Loan_Amount_Term_Medium': 0, 'Loan_Amount_Term_Short': 0}
2025-05-09 21:57:18,314 - INFO - app.py:56 - <module>() - Prediction made: [0] with inputs: {'Gender': 1, 'Married': 1, 'Dependents': 3, 'Education': 1, 'Self_Employed': 1, 'ApplicantIncome': 13.199326270390594, 'LoanAmount': 11.51293546492023, 'Credit_History': 1, 'Property_Area_Rural': 0, 'Property_Area_Semiurban': 0, 'Property_Area_Urban': 1, 'Loan_Amount_Term_Long': 1, 'Loan_Amount_Term_Medium': 0, 'Loan_Amount_Term_Short': 0}
2025-05-09 22:14:35,761 - INFO - main.py:6 - <module>() -  --- Pipeline Start ---
2025-05-09 22:14:35,769 - INFO - load_data.py:15 - load_data() - Data loading finished !
2025-05-09 22:14:35,769 - INFO - preprocessing.py:143 - preprocess_main() -  Started preprocess_main 
2025-05-09 22:14:35,769 - INFO - preprocessing.py:36 - scale_down() -  Fixing distributions
2025-05-09 22:14:35,769 - INFO - preprocessing.py:42 - scale_down() -  Scaling values
2025-05-09 22:14:35,773 - INFO - preprocessing.py:65 - processing_null_data() -  Handling missing values 
2025-05-09 22:14:35,786 - INFO - preprocessing.py:114 - data_encoding() -  Performing Label encoding 
2025-05-09 22:14:35,786 - INFO - preprocessing.py:125 - data_encoding() -  Performing One Hot encoding 
2025-05-09 22:14:35,801 - INFO - preprocessing.py:151 - preprocess_main() -  End preprocess_main 
2025-05-09 22:14:35,801 - INFO - model_training.py:21 - model_training() -  Started model_training 
2025-05-09 22:14:35,846 - INFO - model_training.py:43 - model_training() -  Finished model_training 
2025-05-09 22:14:35,846 - INFO - model_training.py:48 - model_training() -  Model Saved as .sav file 
2025-05-09 22:14:35,846 - INFO - main.py:14 - <module>() -  --- Pipeline End ---
2025-05-09 22:15:09,788 - INFO - main.py:6 - <module>() -  --- Pipeline Start ---
2025-05-09 22:15:09,793 - INFO - load_data.py:15 - load_data() - Data loading finished !
2025-05-09 22:15:09,795 - INFO - preprocessing.py:143 - preprocess_main() -  Started preprocess_main 
2025-05-09 22:15:09,795 - INFO - preprocessing.py:36 - scale_down() -  Fixing distributions
2025-05-09 22:15:09,795 - INFO - preprocessing.py:42 - scale_down() -  Scaling values
2025-05-09 22:15:09,799 - INFO - preprocessing.py:65 - processing_null_data() -  Handling missing values 
2025-05-09 22:15:09,807 - INFO - preprocessing.py:114 - data_encoding() -  Performing Label encoding 
2025-05-09 22:15:09,810 - INFO - preprocessing.py:125 - data_encoding() -  Performing One Hot encoding 
2025-05-09 22:15:09,823 - INFO - preprocessing.py:151 - preprocess_main() -  End preprocess_main 
2025-05-09 22:15:09,823 - INFO - model_training.py:21 - model_training() -  Started model_training 
2025-05-09 22:15:09,866 - INFO - model_training.py:43 - model_training() -  Finished model_training 
2025-05-09 22:15:09,866 - INFO - model_training.py:48 - model_training() -  Model Saved as .sav file 
2025-05-09 22:15:09,866 - INFO - main.py:14 - <module>() -  --- Pipeline End ---
2025-05-09 22:16:32,938 - INFO - app.py:56 - <module>() - Prediction made: [0] with inputs: {'Gender': 1, 'Married': 1, 'Dependents': 3, 'Education': 1, 'Self_Employed': 1, 'ApplicantIncome': 13.199326270390594, 'LoanAmount': 11.51293546492023, 'Credit_History': 1, 'Property_Area_Rural': 0, 'Property_Area_Semiurban': 0, 'Property_Area_Urban': 1, 'Loan_Amount_Term_Long': 0, 'Loan_Amount_Term_Medium': 0, 'Loan_Amount_Term_Short': 1}
2025-05-09 22:16:40,957 - INFO - app.py:56 - <module>() - Prediction made: [0] with inputs: {'Gender': 0, 'Married': 1, 'Dependents': 3, 'Education': 1, 'Self_Employed': 1, 'ApplicantIncome': 13.199326270390594, 'LoanAmount': 11.51293546492023, 'Credit_History': 1, 'Property_Area_Rural': 0, 'Property_Area_Semiurban': 0, 'Property_Area_Urban': 1, 'Loan_Amount_Term_Long': 0, 'Loan_Amount_Term_Medium': 0, 'Loan_Amount_Term_Short': 1}
2025-05-09 22:16:54,800 - INFO - app.py:56 - <module>() - Prediction made: [0] with inputs: {'Gender': 0, 'Married': 1, 'Dependents': 0, 'Education': 1, 'Self_Employed': 1, 'ApplicantIncome': 13.199326270390594, 'LoanAmount': 11.51293546492023, 'Credit_History': 1, 'Property_Area_Rural': 0, 'Property_Area_Semiurban': 0, 'Property_Area_Urban': 1, 'Loan_Amount_Term_Long': 0, 'Loan_Amount_Term_Medium': 0, 'Loan_Amount_Term_Short': 1}
2025-05-09 22:17:00,941 - INFO - app.py:56 - <module>() - Prediction made: [0] with inputs: {'Gender': 0, 'Married': 1, 'Dependents': 0, 'Education': 1, 'Self_Employed': 1, 'ApplicantIncome': 13.199326270390594, 'LoanAmount': 11.51293546492023, 'Credit_History': 1, 'Property_Area_Rural': 0, 'Property_Area_Semiurban': 0, 'Property_Area_Urban': 1, 'Loan_Amount_Term_Long': 0, 'Loan_Amount_Term_Medium': 1, 'Loan_Amount_Term_Short': 0}
2025-05-09 22:17:13,057 - INFO - app.py:56 - <module>() - Prediction made: [1] with inputs: {'Gender': 0, 'Married': 1, 'Dependents': 0, 'Education': 1, 'Self_Employed': 1, 'ApplicantIncome': 13.199326270390594, 'LoanAmount': 9.210440366976517, 'Credit_History': 1, 'Property_Area_Rural': 0, 'Property_Area_Semiurban': 0, 'Property_Area_Urban': 1, 'Loan_Amount_Term_Long': 0, 'Loan_Amount_Term_Medium': 1, 'Loan_Amount_Term_Short': 0}
2025-05-09 22:17:19,264 - INFO - app.py:56 - <module>() - Prediction made: [1] with inputs: {'Gender': 1, 'Married': 1, 'Dependents': 0, 'Education': 1, 'Self_Employed': 1, 'ApplicantIncome': 13.199326270390594, 'LoanAmount': 9.210440366976517, 'Credit_History': 1, 'Property_Area_Rural': 0, 'Property_Area_Semiurban': 0, 'Property_Area_Urban': 1, 'Loan_Amount_Term_Long': 0, 'Loan_Amount_Term_Medium': 1, 'Loan_Amount_Term_Short': 0}
2025-05-09 22:17:40,308 - INFO - app.py:56 - <module>() - Prediction made: [1] with inputs: {'Gender': 1, 'Married': 1, 'Dependents': 0, 'Education': 1, 'Self_Employed': 1, 'ApplicantIncome': 12.899222326086994, 'LoanAmount': 9.210440366976517, 'Credit_History': 1, 'Property_Area_Rural': 0, 'Property_Area_Semiurban': 0, 'Property_Area_Urban': 1, 'Loan_Amount_Term_Long': 0, 'Loan_Amount_Term_Medium': 1, 'Loan_Amount_Term_Short': 0}
